<?xml version="1.0" encoding="UTF-8"?>
<testng-results ignored="0" total="2" passed="2" failed="0" skipped="0">
  <reporter-output>
  </reporter-output>
  <suite started-at="2024-12-13T20:26:39 IST" name="Suite" finished-at="2024-12-13T20:26:39 IST" duration-ms="120">
    <groups>
    </groups>
    <test started-at="2024-12-13T20:26:39 IST" name="Test" finished-at="2024-12-13T20:26:39 IST" duration-ms="120">
      <class name="Selen.SecondTestProg">
        <test-method signature="secondTestProg()[pri:0, instance:Selen.SecondTestProg@294425a7]" started-at="2024-12-13T20:26:39 IST" name="secondTestProg" finished-at="2024-12-13T20:26:39 IST" duration-ms="3" status="PASS">
          <reporter-output>
          </reporter-output>
        </test-method> <!-- secondTestProg -->
      </class> <!-- Selen.SecondTestProg -->
      <class name="Selen.FirstProgTest">
        <test-method signature="test()[pri:0, instance:Selen.FirstProgTest@4466af20]" started-at="2024-12-13T20:26:39 IST" name="test" finished-at="2024-12-13T20:26:39 IST" duration-ms="23" status="PASS">
          <reporter-output>
          </reporter-output>
        </test-method> <!-- test -->
      </class> <!-- Selen.FirstProgTest -->
    </test> <!-- Test -->
  </suite> <!-- Suite -->
</testng-results>
