<?xml version="1.0" encoding="UTF-8"?>
<testng-results ignored="0" total="2" passed="2" failed="0" skipped="0">
  <reporter-output>
  </reporter-output>
  <suite started-at="2024-12-16T12:41:49 IST" name="Surefire suite" finished-at="2024-12-16T12:41:50 IST" duration-ms="202">
    <groups>
    </groups>
    <test started-at="2024-12-16T12:41:49 IST" name="Surefire test" finished-at="2024-12-16T12:41:50 IST" duration-ms="202">
      <class name="Selen.SecondTestProgTest">
        <test-method signature="secondTestProg()[pri:0, instance:Selen.SecondTestProgTest@69930714]" started-at="2024-12-16T12:41:50 IST" name="secondTestProg" finished-at="2024-12-16T12:41:50 IST" duration-ms="3" status="PASS">
          <reporter-output>
          </reporter-output>
        </test-method> <!-- secondTestProg -->
      </class> <!-- Selen.SecondTestProgTest -->
      <class name="Selen.FirstProgTest">
        <test-method signature="test()[pri:0, instance:Selen.FirstProgTest@60611244]" started-at="2024-12-16T12:41:49 IST" name="test" finished-at="2024-12-16T12:41:49 IST" duration-ms="32" status="PASS">
          <reporter-output>
          </reporter-output>
        </test-method> <!-- test -->
      </class> <!-- Selen.FirstProgTest -->
    </test> <!-- Surefire test -->
  </suite> <!-- Surefire suite -->
</testng-results>
